<?xml version="1.0" encoding="UTF-8"?>
<!-- Generated by org.testng.reporters.JUnitReportReporter -->
<testsuite hostname="DESKTOP-I61EELI" failures="0" tests="1" name="test.TestCase1" time="59.818" errors="0" timestamp="2024-11-12T23:23:55 IST" skipped="0">
  <testcase classname="test.TestCase1" name="newregisteruser" time="59.818"/>
  <system-out/>
</testsuite> <!-- test.TestCase1 -->
